*******************************WinXSPRO*********************************
E:\_DoD\_Camp_Pendleton_Survey\WinXS_Pro_work\test_081919.out
Input File:            E:\_DoD\_Camp_Pendleton_Survey\WinXS_Pro_work\test_081919.sec
Run Date:              08/19/19
Analysis Procedure:    Hydraulics
Cross Section Number:  1
Survey Date:           08/19/19


Subsections/Dividing positions
A /  63.04/ 

Resistance Method:      Jarrett's Equation



Unadjusted horizontal distances used


 STAGE	#SEC	  AREA	  PERIM	  WIDTH	   R	   DHYD		SLOPE		    n	  VAVG	     Q		  SHEAR
  (m)		  (sq m)    (m)	   (m)	   (m)	    (m)		(m/m)			 (m/s)     (cms)	  (N/sq m)
  0.50	  T  	  3.95	  18.29	  18.16	 0.22	  0.22		0.0068  	  0.062	  0.48	      1.89	  14.39
  1.00	  T  	 17.05	  32.79	  32.53	 0.52	  0.52		0.0068  	  0.054	  0.99	     16.95	  34.66
  1.50	  T  	 34.72	  37.89	  37.52	 0.92	  0.93		0.0068  	  0.049	  1.59	     55.24	  61.08
  2.00	  T  	 54.35	  41.56	  41.02	 1.31	  1.33		0.0068  	  0.046	  2.14	    116.19	  87.18
  2.50	  T  	 77.75	  58.87	  58.14	 1.32	  1.34		0.0068  	  0.046	  2.15	    167.55	  88.03
  3.00	  T  	111.26	  77.30	  76.35	 1.44	  1.46		0.0068  	  0.046	  2.31	    257.48	  95.93
  3.50	  T  	150.17	  80.39	  79.26	 1.87	  1.89		0.0068  	  0.044	  2.87	    431.53	 124.52
  4.00	  T  	190.51	  83.43	  82.13	 2.28	  2.32		0.0068  	  0.042	  3.39	    646.76	 152.21
  4.50	  T  	232.73	  88.82	  87.39	 2.62	  2.66		0.0068  	  0.041	  3.81	    885.69	 174.66
  5.00	  T  	278.27	  95.31	  93.71	 2.92	  2.97		0.0068  	  0.041	  4.16	   1158.39	 194.60

 STAGE        ALPHA    FROUDE
  0.50     1.000000       0.328302
  1.00     1.000000       0.438614
  1.50     1.000000       0.528216
  2.00     1.000000       0.593111
  2.50     1.000000       0.595166
  3.00     1.000000       0.612341
  3.50     1.000000       0.666811
  4.00     1.000000       0.711935
  4.50     1.000000       0.744793
  5.00     1.000000       0.771598
